0 info it worked if it ends with ok
1 verbose cli [ '/home/andfaulkner/.nvm/versions/node/v4.1.0/bin/node',
1 verbose cli   '/home/andfaulkner/.nvm/versions/node/v4.1.0/bin/npm',
1 verbose cli   'install',
1 verbose cli   '--save',
1 verbose cli   'moment' ]
2 info using npm@2.14.3
3 info using node@v4.1.0
4 verbose install initial load of /home/andfaulkner/Projects/testbed/express-backbone-testbed-3/package.json
5 warn package.json express-backbone-testbed-3@1.0.0 No description
6 warn package.json express-backbone-testbed-3@1.0.0 No repository field.
7 verbose installManyTop reading scoped package data from /home/andfaulkner/Projects/testbed/express-backbone-testbed-3/node_modules/async/package.json
8 verbose installManyTop reading scoped package data from /home/andfaulkner/Projects/testbed/express-backbone-testbed-3/node_modules/babel/package.json
9 verbose installManyTop reading scoped package data from /home/andfaulkner/Projects/testbed/express-backbone-testbed-3/node_modules/babel-core/package.json
10 verbose installManyTop reading scoped package data from /home/andfaulkner/Projects/testbed/express-backbone-testbed-3/node_modules/babel-eslint/package.json
11 verbose installManyTop reading scoped package data from /home/andfaulkner/Projects/testbed/express-backbone-testbed-3/node_modules/babel-loader/package.json
12 verbose installManyTop reading scoped package data from /home/andfaulkner/Projects/testbed/express-backbone-testbed-3/node_modules/babel-runtime/package.json
13 verbose installManyTop reading scoped package data from /home/andfaulkner/Projects/testbed/express-backbone-testbed-3/node_modules/backbone/package.json
14 verbose installManyTop reading scoped package data from /home/andfaulkner/Projects/testbed/express-backbone-testbed-3/node_modules/backbone-blueprint/package.json
15 verbose installManyTop reading scoped package data from /home/andfaulkner/Projects/testbed/express-backbone-testbed-3/node_modules/backbone-db/package.json
16 verbose installManyTop reading scoped package data from /home/andfaulkner/Projects/testbed/express-backbone-testbed-3/node_modules/backbone-db-elasticsearch/package.json
17 verbose installManyTop reading scoped package data from /home/andfaulkner/Projects/testbed/express-backbone-testbed-3/node_modules/backbone-db-redis/package.json
18 verbose installManyTop reading scoped package data from /home/andfaulkner/Projects/testbed/express-backbone-testbed-3/node_modules/body-parser/package.json
19 verbose installManyTop reading scoped package data from /home/andfaulkner/Projects/testbed/express-backbone-testbed-3/node_modules/bootstrap/package.json
20 verbose installManyTop reading scoped package data from /home/andfaulkner/Projects/testbed/express-backbone-testbed-3/node_modules/bootstrap-webpack/package.json
21 verbose installManyTop reading scoped package data from /home/andfaulkner/Projects/testbed/express-backbone-testbed-3/node_modules/busboy/package.json
22 verbose installManyTop reading scoped package data from /home/andfaulkner/Projects/testbed/express-backbone-testbed-3/node_modules/clarify/package.json
23 verbose installManyTop reading scoped package data from /home/andfaulkner/Projects/testbed/express-backbone-testbed-3/node_modules/colors/package.json
24 verbose installManyTop reading scoped package data from /home/andfaulkner/Projects/testbed/express-backbone-testbed-3/node_modules/continuation.js/package.json
25 verbose installManyTop reading scoped package data from /home/andfaulkner/Projects/testbed/express-backbone-testbed-3/node_modules/del/package.json
26 verbose installManyTop reading scoped package data from /home/andfaulkner/Projects/testbed/express-backbone-testbed-3/node_modules/eslint/package.json
27 verbose installManyTop reading scoped package data from /home/andfaulkner/Projects/testbed/express-backbone-testbed-3/node_modules/eslint-config-airbnb/package.json
28 verbose installManyTop reading scoped package data from /home/andfaulkner/Projects/testbed/express-backbone-testbed-3/node_modules/eslint-plugin-babel/package.json
29 verbose installManyTop reading scoped package data from /home/andfaulkner/Projects/testbed/express-backbone-testbed-3/node_modules/eslint-plugin-react/package.json
30 verbose installManyTop reading scoped package data from /home/andfaulkner/Projects/testbed/express-backbone-testbed-3/node_modules/express/package.json
31 verbose installManyTop reading scoped package data from /home/andfaulkner/Projects/testbed/express-backbone-testbed-3/node_modules/file-loader/package.json
32 verbose installManyTop reading scoped package data from /home/andfaulkner/Projects/testbed/express-backbone-testbed-3/node_modules/formsy-react/package.json
33 verbose installManyTop reading scoped package data from /home/andfaulkner/Projects/testbed/express-backbone-testbed-3/node_modules/fs-extra/package.json
34 verbose installManyTop reading scoped package data from /home/andfaulkner/Projects/testbed/express-backbone-testbed-3/node_modules/glob/package.json
35 verbose installManyTop reading scoped package data from /home/andfaulkner/Projects/testbed/express-backbone-testbed-3/node_modules/gulp/package.json
36 verbose installManyTop reading scoped package data from /home/andfaulkner/Projects/testbed/express-backbone-testbed-3/node_modules/gulp-babel/package.json
37 verbose installManyTop reading scoped package data from /home/andfaulkner/Projects/testbed/express-backbone-testbed-3/node_modules/gulp-concat/package.json
38 verbose installManyTop reading scoped package data from /home/andfaulkner/Projects/testbed/express-backbone-testbed-3/node_modules/gulp-copy/package.json
39 verbose installManyTop reading scoped package data from /home/andfaulkner/Projects/testbed/express-backbone-testbed-3/node_modules/gulp-debug/package.json
40 verbose installManyTop reading scoped package data from /home/andfaulkner/Projects/testbed/express-backbone-testbed-3/node_modules/gulp-dev/package.json
41 verbose installManyTop reading scoped package data from /home/andfaulkner/Projects/testbed/express-backbone-testbed-3/node_modules/gulp-display-help/package.json
42 verbose installManyTop reading scoped package data from /home/andfaulkner/Projects/testbed/express-backbone-testbed-3/node_modules/gulp-dust/package.json
43 verbose installManyTop reading scoped package data from /home/andfaulkner/Projects/testbed/express-backbone-testbed-3/node_modules/gulp-exit/package.json
44 verbose installManyTop reading scoped package data from /home/andfaulkner/Projects/testbed/express-backbone-testbed-3/node_modules/gulp-express/package.json
45 verbose installManyTop reading scoped package data from /home/andfaulkner/Projects/testbed/express-backbone-testbed-3/node_modules/gulp-filter/package.json
46 verbose installManyTop reading scoped package data from /home/andfaulkner/Projects/testbed/express-backbone-testbed-3/node_modules/gulp-if-else/package.json
47 verbose installManyTop reading scoped package data from /home/andfaulkner/Projects/testbed/express-backbone-testbed-3/node_modules/gulp-jshint/package.json
48 verbose installManyTop reading scoped package data from /home/andfaulkner/Projects/testbed/express-backbone-testbed-3/node_modules/gulp-livereload/package.json
49 verbose installManyTop reading scoped package data from /home/andfaulkner/Projects/testbed/express-backbone-testbed-3/node_modules/gulp-newer/package.json
50 verbose installManyTop reading scoped package data from /home/andfaulkner/Projects/testbed/express-backbone-testbed-3/node_modules/gulp-nodemon/package.json
51 verbose installManyTop reading scoped package data from /home/andfaulkner/Projects/testbed/express-backbone-testbed-3/node_modules/gulp-notify/package.json
52 verbose installManyTop reading scoped package data from /home/andfaulkner/Projects/testbed/express-backbone-testbed-3/node_modules/gulp-packages/package.json
53 verbose installManyTop reading scoped package data from /home/andfaulkner/Projects/testbed/express-backbone-testbed-3/node_modules/gulp-plumber/package.json
54 verbose installManyTop reading scoped package data from /home/andfaulkner/Projects/testbed/express-backbone-testbed-3/node_modules/gulp-print/package.json
55 verbose installManyTop reading scoped package data from /home/andfaulkner/Projects/testbed/express-backbone-testbed-3/node_modules/gulp-rename/package.json
56 verbose installManyTop reading scoped package data from /home/andfaulkner/Projects/testbed/express-backbone-testbed-3/node_modules/gulp-replace/package.json
57 verbose installManyTop reading scoped package data from /home/andfaulkner/Projects/testbed/express-backbone-testbed-3/node_modules/gulp-rimraf/package.json
58 verbose installManyTop reading scoped package data from /home/andfaulkner/Projects/testbed/express-backbone-testbed-3/node_modules/gulp-sass/package.json
59 verbose installManyTop reading scoped package data from /home/andfaulkner/Projects/testbed/express-backbone-testbed-3/node_modules/gulp-shell/package.json
60 verbose installManyTop reading scoped package data from /home/andfaulkner/Projects/testbed/express-backbone-testbed-3/node_modules/gulp-size/package.json
61 verbose installManyTop reading scoped package data from /home/andfaulkner/Projects/testbed/express-backbone-testbed-3/node_modules/gulp-sourcemaps/package.json
62 verbose installManyTop reading scoped package data from /home/andfaulkner/Projects/testbed/express-backbone-testbed-3/node_modules/gulp-tap/package.json
63 verbose installManyTop reading scoped package data from /home/andfaulkner/Projects/testbed/express-backbone-testbed-3/node_modules/gulp-util/package.json
64 verbose installManyTop reading scoped package data from /home/andfaulkner/Projects/testbed/express-backbone-testbed-3/node_modules/gulp-wait/package.json
65 verbose installManyTop reading scoped package data from /home/andfaulkner/Projects/testbed/express-backbone-testbed-3/node_modules/gulp-webpack/package.json
66 verbose installManyTop reading scoped package data from /home/andfaulkner/Projects/testbed/express-backbone-testbed-3/node_modules/harmonize/package.json
67 verbose installManyTop reading scoped package data from /home/andfaulkner/Projects/testbed/express-backbone-testbed-3/node_modules/immutable/package.json
68 verbose installManyTop reading scoped package data from /home/andfaulkner/Projects/testbed/express-backbone-testbed-3/node_modules/install/package.json
69 verbose installManyTop reading scoped package data from /home/andfaulkner/Projects/testbed/express-backbone-testbed-3/node_modules/jquery/package.json
70 verbose installManyTop reading scoped package data from /home/andfaulkner/Projects/testbed/express-backbone-testbed-3/node_modules/json5/package.json
71 verbose installManyTop reading scoped package data from /home/andfaulkner/Projects/testbed/express-backbone-testbed-3/node_modules/lazypipe/package.json
72 verbose installManyTop reading scoped package data from /home/andfaulkner/Projects/testbed/express-backbone-testbed-3/node_modules/lodash/package.json
73 verbose installManyTop reading scoped package data from /home/andfaulkner/Projects/testbed/express-backbone-testbed-3/node_modules/merge-stream/package.json
74 verbose installManyTop reading scoped package data from /home/andfaulkner/Projects/testbed/express-backbone-testbed-3/node_modules/merge2/package.json
75 verbose installManyTop reading scoped package data from /home/andfaulkner/Projects/testbed/express-backbone-testbed-3/node_modules/node-babel/package.json
76 verbose installManyTop reading scoped package data from /home/andfaulkner/Projects/testbed/express-backbone-testbed-3/node_modules/node-console/package.json
77 verbose installManyTop reading scoped package data from /home/andfaulkner/Projects/testbed/express-backbone-testbed-3/node_modules/node-env-file/package.json
78 verbose installManyTop reading scoped package data from /home/andfaulkner/Projects/testbed/express-backbone-testbed-3/node_modules/npm/package.json
79 verbose installManyTop reading scoped package data from /home/andfaulkner/Projects/testbed/express-backbone-testbed-3/node_modules/parallelshell/package.json
80 verbose installManyTop reading scoped package data from /home/andfaulkner/Projects/testbed/express-backbone-testbed-3/node_modules/react/package.json
81 verbose installManyTop reading scoped package data from /home/andfaulkner/Projects/testbed/express-backbone-testbed-3/node_modules/react-forms/package.json
82 verbose installManyTop reading scoped package data from /home/andfaulkner/Projects/testbed/express-backbone-testbed-3/node_modules/react-redux/package.json
83 verbose installManyTop reading scoped package data from /home/andfaulkner/Projects/testbed/express-backbone-testbed-3/node_modules/react-router/package.json
84 verbose installManyTop reading scoped package data from /home/andfaulkner/Projects/testbed/express-backbone-testbed-3/node_modules/react-tools/package.json
85 verbose installManyTop reading scoped package data from /home/andfaulkner/Projects/testbed/express-backbone-testbed-3/node_modules/redis/package.json
86 verbose installManyTop reading scoped package data from /home/andfaulkner/Projects/testbed/express-backbone-testbed-3/node_modules/redux/package.json
87 verbose installManyTop reading scoped package data from /home/andfaulkner/Projects/testbed/express-backbone-testbed-3/node_modules/redux-devtools/package.json
88 verbose installManyTop reading scoped package data from /home/andfaulkner/Projects/testbed/express-backbone-testbed-3/node_modules/rootpath/package.json
89 verbose installManyTop reading scoped package data from /home/andfaulkner/Projects/testbed/express-backbone-testbed-3/node_modules/run-sequence/package.json
90 verbose installManyTop reading scoped package data from /home/andfaulkner/Projects/testbed/express-backbone-testbed-3/node_modules/serve-favicon/package.json
91 verbose installManyTop reading scoped package data from /home/andfaulkner/Projects/testbed/express-backbone-testbed-3/node_modules/socket.io/package.json
92 verbose installManyTop reading scoped package data from /home/andfaulkner/Projects/testbed/express-backbone-testbed-3/node_modules/string/package.json
93 verbose installManyTop reading scoped package data from /home/andfaulkner/Projects/testbed/express-backbone-testbed-3/node_modules/tcp-port-used/package.json
94 verbose installManyTop reading scoped package data from /home/andfaulkner/Projects/testbed/express-backbone-testbed-3/node_modules/trace/package.json
95 verbose installManyTop reading scoped package data from /home/andfaulkner/Projects/testbed/express-backbone-testbed-3/node_modules/url-loader/package.json
96 verbose installManyTop reading scoped package data from /home/andfaulkner/Projects/testbed/express-backbone-testbed-3/node_modules/webpack/package.json
97 verbose installManyTop reading scoped package data from /home/andfaulkner/Projects/testbed/express-backbone-testbed-3/node_modules/winston/package.json
98 verbose installManyTop reading scoped package data from /home/andfaulkner/Projects/testbed/express-backbone-testbed-3/node_modules/winston-logger/package.json
99 verbose installManyTop reading scoped package data from /home/andfaulkner/Projects/testbed/express-backbone-testbed-3/node_modules/xregexp/package.json
100 verbose installManyTop reading scoped package data from /home/andfaulkner/Projects/testbed/express-backbone-testbed-3/node_modules/xregexp-lookbehind/package.json
101 verbose installManyTop reading scoped package data from /home/andfaulkner/Projects/testbed/express-backbone-testbed-3/node_modules/yargs/package.json
102 info package.json babel-core@5.8.25 No README data
103 info package.json bootstrap-webpack@0.0.3 No license field.
104 info package.json continuation.js@0.2.5 license should be a valid SPDX license expression
105 info package.json gulp-display-help@1.3.0 license should be a valid SPDX license expression
106 info package.json gulp-if-else@1.0.3 No license field.
107 info package.json gulp-notify@2.2.0 No license field.
108 info package.json gulp-rename@1.2.2 No license field.
109 info package.json gulp-rimraf@0.1.1 No license field.
110 info package.json install@0.1.8 No license field.
111 info package.json jquery@2.1.4 No license field.
112 info package.json merge2@0.3.6 No license field.
113 info package.json node-env-file@0.1.7 No license field.
114 info package.json socket.io@1.3.6 No license field.
115 info package.json backbone-db-redis@0.1.2 No repository field.
116 info package.json busboy@0.2.11 No license field.
117 info package.json gulp-copy@0.0.2 No license field.
118 info package.json node-console@0.3.35 No license field.
119 info package.json winston-logger@1.0.1 No repository field.
120 info package.json winston-logger@1.0.1 No license field.
121 verbose readDependencies loading dependencies from /home/andfaulkner/Projects/testbed/express-backbone-testbed-3/package.json
122 silly cache add args [ 'moment', null ]
123 verbose cache add spec moment
124 silly cache add parsed spec Result {
124 silly cache add   raw: 'moment',
124 silly cache add   scope: null,
124 silly cache add   name: 'moment',
124 silly cache add   rawSpec: '',
124 silly cache add   spec: '*',
124 silly cache add   type: 'range' }
125 silly addNamed moment@*
126 verbose addNamed "*" is a valid semver range for moment
127 silly addNameRange { name: 'moment', range: '*', hasData: false }
128 silly mapToRegistry name moment
129 silly mapToRegistry using default registry
130 silly mapToRegistry registry https://registry.npmjs.org/
131 silly mapToRegistry uri https://registry.npmjs.org/moment
132 verbose addNameRange registry:https://registry.npmjs.org/moment not in flight; fetching
133 verbose request uri https://registry.npmjs.org/moment
134 verbose request no auth needed
135 info attempt registry request try #1 at 1:26:36 AM
136 verbose request id 08296f8c58317e41
137 verbose etag "2GQP0HTXNQ3EDLOGTPCQWEV8Y"
138 http request GET https://registry.npmjs.org/moment
139 http 200 https://registry.npmjs.org/moment
140 silly get cb [ 200,
140 silly get   { server: 'CouchDB/1.5.0 (Erlang OTP/R16B03)',
140 silly get     etag: '"EJAQUWBF54A0TDG056S0SVR0E"',
140 silly get     'content-type': 'application/json',
140 silly get     'cache-control': 'max-age=60',
140 silly get     'content-length': '66092',
140 silly get     'accept-ranges': 'bytes',
140 silly get     date: 'Mon, 28 Sep 2015 05:26:31 GMT',
140 silly get     via: '1.1 varnish',
140 silly get     age: '45',
140 silly get     connection: 'keep-alive',
140 silly get     'x-served-by': 'cache-ord1721-ORD',
140 silly get     'x-cache': 'HIT',
140 silly get     'x-cache-hits': '2',
140 silly get     'x-timer': 'S1443417991.257187,VS0,VE0',
140 silly get     vary: 'Accept' } ]
141 verbose get saving moment to /home/andfaulkner/.npm/registry.npmjs.org/moment/.cache.json
142 silly addNameRange number 2 { name: 'moment', range: '*', hasData: true }
143 silly addNameRange versions [ 'moment',
143 silly addNameRange   [ '1.0.0',
143 silly addNameRange     '1.0.1',
143 silly addNameRange     '1.1.0',
143 silly addNameRange     '1.1.1',
143 silly addNameRange     '1.2.0',
143 silly addNameRange     '1.3.0',
143 silly addNameRange     '1.4.0',
143 silly addNameRange     '1.5.0',
143 silly addNameRange     '1.5.1',
143 silly addNameRange     '1.6.0',
143 silly addNameRange     '1.6.1',
143 silly addNameRange     '1.6.2',
143 silly addNameRange     '1.7.0',
143 silly addNameRange     '1.7.1',
143 silly addNameRange     '1.7.2',
143 silly addNameRange     '2.0.0',
143 silly addNameRange     '2.1.0',
143 silly addNameRange     '2.2.1',
143 silly addNameRange     '2.3.0',
143 silly addNameRange     '2.3.1',
143 silly addNameRange     '2.4.0',
143 silly addNameRange     '2.5.0',
143 silly addNameRange     '2.5.1',
143 silly addNameRange     '2.6.0',
143 silly addNameRange     '2.7.0',
143 silly addNameRange     '2.8.1',
143 silly addNameRange     '2.8.2',
143 silly addNameRange     '2.8.3',
143 silly addNameRange     '2.8.4',
143 silly addNameRange     '2.9.0',
143 silly addNameRange     '2.10.2',
143 silly addNameRange     '2.10.3',
143 silly addNameRange     '2.10.5',
143 silly addNameRange     '2.10.6' ] ]
144 silly addNamed moment@2.10.6
145 verbose addNamed "2.10.6" is a plain semver version for moment
146 silly cache afterAdd moment@2.10.6
147 verbose afterAdd /home/andfaulkner/.npm/moment/2.10.6/package/package.json not in flight; writing
148 verbose afterAdd /home/andfaulkner/.npm/moment/2.10.6/package/package.json written
149 silly install resolved [ { name: 'moment',
149 silly install resolved     version: '2.10.6',
149 silly install resolved     description: 'Parse, validate, manipulate, and display dates',
149 silly install resolved     homepage: 'http://momentjs.com',
149 silly install resolved     author:
149 silly install resolved      { name: 'Iskren Ivov Chernev',
149 silly install resolved        email: 'iskren.chernev@gmail.com',
149 silly install resolved        url: 'https://github.com/ichernev' },
149 silly install resolved     contributors: [ [Object], [Object], [Object], [Object], [Object] ],
149 silly install resolved     keywords:
149 silly install resolved      [ 'moment',
149 silly install resolved        'date',
149 silly install resolved        'time',
149 silly install resolved        'parse',
149 silly install resolved        'format',
149 silly install resolved        'validate',
149 silly install resolved        'i18n',
149 silly install resolved        'l10n',
149 silly install resolved        'ender' ],
149 silly install resolved     main: './moment.js',
149 silly install resolved     engines: { node: '*' },
149 silly install resolved     repository: { type: 'git', url: 'git+https://github.com/moment/moment.git' },
149 silly install resolved     bugs: { url: 'https://github.com/moment/moment/issues' },
149 silly install resolved     license: 'MIT',
149 silly install resolved     devDependencies:
149 silly install resolved      { 'uglify-js': 'latest',
149 silly install resolved        'es6-promise': 'latest',
149 silly install resolved        grunt: 'latest',
149 silly install resolved        benchmark: 'latest',
149 silly install resolved        esperanto: 'latest',
149 silly install resolved        'grunt-contrib-clean': 'latest',
149 silly install resolved        'grunt-contrib-concat': 'latest',
149 silly install resolved        'grunt-contrib-copy': 'latest',
149 silly install resolved        'grunt-contrib-jshint': 'latest',
149 silly install resolved        'grunt-contrib-uglify': 'latest',
149 silly install resolved        'grunt-contrib-watch': 'latest',
149 silly install resolved        'grunt-env': 'latest',
149 silly install resolved        'grunt-jscs': 'latest',
149 silly install resolved        'grunt-karma': 'latest',
149 silly install resolved        'grunt-nuget': 'latest',
149 silly install resolved        'grunt-benchmark': 'latest',
149 silly install resolved        'grunt-string-replace': 'latest',
149 silly install resolved        'grunt-exec': 'latest',
149 silly install resolved        'load-grunt-tasks': 'latest',
149 silly install resolved        karma: 'latest',
149 silly install resolved        'karma-chrome-launcher': 'latest',
149 silly install resolved        'karma-firefox-launcher': 'latest',
149 silly install resolved        'karma-qunit': 'latest',
149 silly install resolved        'karma-sauce-launcher': 'latest',
149 silly install resolved        qunit: '^0.7.5',
149 silly install resolved        'qunit-cli': '^0.1.4',
149 silly install resolved        spacejam: 'latest',
149 silly install resolved        coveralls: '^2.11.2',
149 silly install resolved        nyc: '^2.1.4' },
149 silly install resolved     ender: './ender.js',
149 silly install resolved     dojoBuild: 'package.js',
149 silly install resolved     jspm: { files: [Object], map: [Object], buildConfig: [Object] },
149 silly install resolved     scripts:
149 silly install resolved      { test: 'grunt test',
149 silly install resolved        coverage: 'nyc npm test && nyc report',
149 silly install resolved        coveralls: 'nyc npm test && nyc report --reporter=text-lcov | coveralls' },
149 silly install resolved     spm: { main: 'moment.js', output: [Object] },
149 silly install resolved     _id: 'moment@2.10.6',
149 silly install resolved     dist:
149 silly install resolved      { shasum: '6cb21967c79cba7b0ca5e66644f173662b3efa77',
149 silly install resolved        tarball: 'http://registry.npmjs.org/moment/-/moment-2.10.6.tgz' },
149 silly install resolved     _from: 'moment@*',
149 silly install resolved     _npmVersion: '1.4.6',
149 silly install resolved     _npmUser: { name: 'ichernev', email: 'iskren.chernev@gmail.com' },
149 silly install resolved     maintainers: [ [Object], [Object] ],
149 silly install resolved     directories: {},
149 silly install resolved     _shasum: '6cb21967c79cba7b0ca5e66644f173662b3efa77',
149 silly install resolved     _resolved: 'https://registry.npmjs.org/moment/-/moment-2.10.6.tgz',
149 silly install resolved     readme: 'ERROR: No README data found!' } ]
150 info install moment@2.10.6 into /home/andfaulkner/Projects/testbed/express-backbone-testbed-3
151 info installOne moment@2.10.6
152 verbose installOne of moment to /home/andfaulkner/Projects/testbed/express-backbone-testbed-3 not in flight; installing
153 verbose lock using /home/andfaulkner/.npm/_locks/moment-5cde58dc763139c8.lock for /home/andfaulkner/Projects/testbed/express-backbone-testbed-3/node_modules/moment
154 silly install write writing moment 2.10.6 to /home/andfaulkner/Projects/testbed/express-backbone-testbed-3/node_modules/moment
155 verbose unbuild node_modules/moment
156 silly gentlyRm /home/andfaulkner/Projects/testbed/express-backbone-testbed-3/node_modules/moment is being purged from base /home/andfaulkner/Projects/testbed/express-backbone-testbed-3
157 verbose gentlyRm don't care about contents; nuking /home/andfaulkner/Projects/testbed/express-backbone-testbed-3/node_modules/moment
158 verbose tar unpack /home/andfaulkner/.npm/moment/2.10.6/package.tgz
159 verbose tar unpacking to /home/andfaulkner/Projects/testbed/express-backbone-testbed-3/node_modules/moment
160 silly gentlyRm /home/andfaulkner/Projects/testbed/express-backbone-testbed-3/node_modules/moment is being purged
161 verbose gentlyRm don't care about contents; nuking /home/andfaulkner/Projects/testbed/express-backbone-testbed-3/node_modules/moment
162 silly gunzTarPerm modes [ '755', '644' ]
163 silly gunzTarPerm extractEntry package.json
164 silly gunzTarPerm extractEntry README.md
165 silly gunzTarPerm extractEntry LICENSE
166 silly gunzTarPerm extractEntry ender.js
167 silly gunzTarPerm extractEntry moment.js
168 silly gunzTarPerm extractEntry package.js
169 silly gunzTarPerm extractEntry locale/af.js
170 silly gunzTarPerm extractEntry locale/id.js
171 silly gunzTarPerm extractEntry locale/is.js
172 silly gunzTarPerm extractEntry locale/it.js
173 silly gunzTarPerm extractEntry locale/hy-am.js
174 silly gunzTarPerm extractEntry locale/jv.js
175 silly gunzTarPerm extractEntry locale/ka.js
176 silly gunzTarPerm extractEntry locale/km.js
177 silly gunzTarPerm extractEntry locale/ko.js
178 silly gunzTarPerm extractEntry locale/lb.js
179 silly gunzTarPerm extractEntry locale/hu.js
180 silly gunzTarPerm extractEntry locale/lt.js
181 silly gunzTarPerm extractEntry locale/hr.js
182 silly gunzTarPerm extractEntry locale/lv.js
183 silly gunzTarPerm extractEntry locale/hi.js
184 silly gunzTarPerm extractEntry locale/me.js
185 silly gunzTarPerm extractEntry locale/he.js
186 silly gunzTarPerm extractEntry locale/mk.js
187 silly gunzTarPerm extractEntry locale/gl.js
188 silly gunzTarPerm extractEntry locale/ml.js
189 silly gunzTarPerm extractEntry locale/fy.js
190 silly gunzTarPerm extractEntry locale/mr.js
191 silly gunzTarPerm extractEntry locale/fr.js
192 silly gunzTarPerm extractEntry locale/ms-my.js
193 silly gunzTarPerm extractEntry locale/fr-ca.js
194 silly gunzTarPerm extractEntry locale/ms.js
195 silly gunzTarPerm extractEntry locale/fo.js
196 silly gunzTarPerm extractEntry locale/my.js
197 silly gunzTarPerm extractEntry locale/fi.js
198 silly gunzTarPerm extractEntry locale/nb.js
199 silly gunzTarPerm extractEntry locale/fa.js
200 silly gunzTarPerm extractEntry locale/ne.js
201 silly gunzTarPerm extractEntry locale/eu.js
202 silly gunzTarPerm extractEntry locale/nl.js
203 silly gunzTarPerm extractEntry locale/et.js
204 silly gunzTarPerm extractEntry locale/nn.js
205 silly gunzTarPerm extractEntry locale/es.js
206 silly gunzTarPerm extractEntry locale/pl.js
207 silly gunzTarPerm extractEntry locale/eo.js
208 silly gunzTarPerm extractEntry locale/pt-br.js
209 silly gunzTarPerm extractEntry locale/en-gb.js
210 silly gunzTarPerm extractEntry locale/pt.js
211 silly gunzTarPerm extractEntry locale/en-ca.js
212 silly gunzTarPerm extractEntry locale/ro.js
213 silly gunzTarPerm extractEntry locale/en-au.js
214 silly gunzTarPerm extractEntry locale/ru.js
215 silly gunzTarPerm extractEntry locale/el.js
216 silly gunzTarPerm extractEntry locale/si.js
217 silly gunzTarPerm extractEntry locale/de.js
218 silly gunzTarPerm extractEntry locale/sk.js
219 silly gunzTarPerm extractEntry locale/de-at.js
220 silly gunzTarPerm extractEntry locale/sl.js
221 silly gunzTarPerm extractEntry locale/da.js
222 silly gunzTarPerm extractEntry locale/sq.js
223 silly gunzTarPerm extractEntry locale/cy.js
224 silly gunzTarPerm extractEntry locale/sr-cyrl.js
225 silly gunzTarPerm extractEntry locale/cv.js
226 silly gunzTarPerm extractEntry locale/sr.js
227 silly gunzTarPerm extractEntry locale/cs.js
228 silly gunzTarPerm extractEntry locale/sv.js
229 silly gunzTarPerm extractEntry locale/ca.js
230 silly gunzTarPerm extractEntry locale/ta.js
231 silly gunzTarPerm extractEntry locale/bs.js
232 silly gunzTarPerm extractEntry locale/th.js
233 silly gunzTarPerm extractEntry locale/br.js
234 silly gunzTarPerm extractEntry locale/tl-ph.js
235 silly gunzTarPerm extractEntry locale/bo.js
236 silly gunzTarPerm extractEntry locale/tr.js
237 silly gunzTarPerm extractEntry locale/bn.js
238 silly gunzTarPerm extractEntry locale/tzl.js
239 silly gunzTarPerm extractEntry locale/bg.js
240 silly gunzTarPerm extractEntry locale/tzm-latn.js
241 silly gunzTarPerm extractEntry locale/be.js
242 silly gunzTarPerm extractEntry locale/tzm.js
243 silly gunzTarPerm extractEntry locale/az.js
244 silly gunzTarPerm extractEntry locale/uk.js
245 silly gunzTarPerm extractEntry locale/ar.js
246 silly gunzTarPerm extractEntry locale/uz.js
247 silly gunzTarPerm extractEntry locale/ar-tn.js
248 silly gunzTarPerm extractEntry locale/vi.js
249 silly gunzTarPerm extractEntry locale/ar-sa.js
250 silly gunzTarPerm extractEntry locale/zh-cn.js
251 silly gunzTarPerm extractEntry locale/ar-ma.js
252 silly gunzTarPerm extractEntry locale/zh-tw.js
253 silly gunzTarPerm extractEntry locale/ja.js
254 silly gunzTarPerm extractEntry min/locales.js
255 silly gunzTarPerm extractEntry min/locales.min.js
256 silly gunzTarPerm extractEntry min/moment-with-locales.js
257 silly gunzTarPerm extractEntry min/moment-with-locales.min.js
258 silly gunzTarPerm extractEntry min/moment.min.js
259 silly gunzTarPerm extractEntry min/tests.js
260 verbose write writing to /home/andfaulkner/Projects/testbed/express-backbone-testbed-3/node_modules/moment/package.json
261 info preinstall moment@2.10.6
262 verbose readDependencies loading dependencies from /home/andfaulkner/Projects/testbed/express-backbone-testbed-3/node_modules/moment/package.json
263 verbose readDependencies loading dependencies from /home/andfaulkner/Projects/testbed/express-backbone-testbed-3/node_modules/moment/package.json
264 silly install resolved []
265 verbose about to build /home/andfaulkner/Projects/testbed/express-backbone-testbed-3/node_modules/moment
266 info build /home/andfaulkner/Projects/testbed/express-backbone-testbed-3/node_modules/moment
267 info linkStuff moment@2.10.6
268 silly linkStuff moment@2.10.6 has /home/andfaulkner/Projects/testbed/express-backbone-testbed-3/node_modules as its parent node_modules
269 verbose linkBins moment@2.10.6
270 verbose linkMans moment@2.10.6
271 verbose rebuildBundles moment@2.10.6
272 info install moment@2.10.6
273 info postinstall moment@2.10.6
274 verbose unlock done using /home/andfaulkner/.npm/_locks/moment-5cde58dc763139c8.lock for /home/andfaulkner/Projects/testbed/express-backbone-testbed-3/node_modules/moment
275 verbose validateInstall loading /home/andfaulkner/Projects/testbed/express-backbone-testbed-3/package.json for validation
276 verbose stack Error: The package react@0.13.3 does not satisfy its siblings' peerDependencies requirements!
276 verbose stack     at /home/andfaulkner/.nvm/versions/node/v4.1.0/lib/node_modules/npm/lib/install.js:125:32
276 verbose stack     at /home/andfaulkner/.nvm/versions/node/v4.1.0/lib/node_modules/npm/lib/install.js:268:7
276 verbose stack     at /home/andfaulkner/.nvm/versions/node/v4.1.0/lib/node_modules/npm/node_modules/read-installed/read-installed.js:142:5
276 verbose stack     at /home/andfaulkner/.nvm/versions/node/v4.1.0/lib/node_modules/npm/node_modules/read-installed/read-installed.js:263:14
276 verbose stack     at cb (/home/andfaulkner/.nvm/versions/node/v4.1.0/lib/node_modules/npm/node_modules/slide/lib/async-map.js:47:24)
276 verbose stack     at /home/andfaulkner/.nvm/versions/node/v4.1.0/lib/node_modules/npm/node_modules/read-installed/read-installed.js:263:14
276 verbose stack     at cb (/home/andfaulkner/.nvm/versions/node/v4.1.0/lib/node_modules/npm/node_modules/slide/lib/async-map.js:47:24)
276 verbose stack     at /home/andfaulkner/.nvm/versions/node/v4.1.0/lib/node_modules/npm/node_modules/read-installed/read-installed.js:263:14
276 verbose stack     at cb (/home/andfaulkner/.nvm/versions/node/v4.1.0/lib/node_modules/npm/node_modules/slide/lib/async-map.js:47:24)
276 verbose stack     at /home/andfaulkner/.nvm/versions/node/v4.1.0/lib/node_modules/npm/node_modules/read-installed/read-installed.js:263:14
277 verbose cwd /home/andfaulkner/Projects/testbed/express-backbone-testbed-3
278 error Linux 3.13.0-37-generic
279 error argv "/home/andfaulkner/.nvm/versions/node/v4.1.0/bin/node" "/home/andfaulkner/.nvm/versions/node/v4.1.0/bin/npm" "install" "--save" "moment"
280 error node v4.1.0
281 error npm  v2.14.3
282 error code EPEERINVALID
283 error peerinvalid The package react@0.13.3 does not satisfy its siblings' peerDependencies requirements!
283 error peerinvalid Peer formsy-react@0.14.1 wants react@^0.13.1
283 error peerinvalid Peer react-router@0.13.3 wants react@0.13.x
283 error peerinvalid Peer react-forms@0.5.7 wants react@^0.10.0
284 verbose exit [ 1, true ]
